11 October 2019 08:53:05 | Номер: Исключение | Текс: Call to undefined function app\controllers\setMeta() | Файл: C:\OSPanel\domains\Framework\app\controllers\ProductController.php | Линия: 22
#################
11 October 2019 08:53:53 | Номер: Исключение | Текс: Call to undefined function app\controllers\setMeta() | Файл: C:\OSPanel\domains\Framework\app\controllers\ProductController.php | Линия: 22
#################
11 October 2019 08:53:54 | Номер: Исключение | Текс: Call to undefined function app\controllers\setMeta() | Файл: C:\OSPanel\domains\Framework\app\controllers\ProductController.php | Линия: 22
#################
11 October 2019 08:54:07 | Номер: Исключение | Текс: Call to undefined function app\controllers\setMeta() | Файл: C:\OSPanel\domains\Framework\app\controllers\ProductController.php | Линия: 22
#################
11 October 2019 09:01:28 | Номер: 8 | Текс: Array to string conversion | Файл: C:\OSPanel\domains\Framework\vendor\fw\core\base\View.php | Линия: 49
#################
11 October 2019 14:47:09 | Номер: 8 | Текс: Undefined variable: prosuct | Файл: C:\OSPanel\domains\Framework\app\views\Product\view.php | Линия: 37
#################
11 October 2019 14:47:19 | Номер: 8 | Текс: Undefined variable: product | Файл: C:\OSPanel\domains\Framework\app\views\Product\view.php | Линия: 37
#################
11 October 2019 14:53:14 | Номер: 8 | Текс: Undefined variable: hit | Файл: C:\OSPanel\domains\Framework\app\views\Product\view.php | Линия: 65
#################
11 October 2019 14:54:28 | Номер: 8 | Текс: Undefined variable: hit | Файл: C:\OSPanel\domains\Framework\app\views\Product\view.php | Линия: 66
#################
11 October 2019 14:59:24 | Номер: 2 | Текс: require_once(C:\OSPanel\domains\Framework\app\widgets\currency/currency_tpl2/currency.php): failed to open stream: No such file or directory | Файл: C:\OSPanel\domains\Framework\app\widgets\currency\Currency.php | Линия: 47
#################
11 October 2019 15:43:33 | Номер: 8 | Текс: Undefined variable: cats | Файл: C:\OSPanel\domains\Framework\app\controllers\ProductController.php | Линия: 26
#################
11 October 2019 15:47:45 | Номер: Исключение | Текс: Class 'Cache' not found | Файл: C:\OSPanel\domains\Framework\app\views\Product\view.php | Линия: 99
#################
11 October 2019 15:49:36 | Номер: Исключение | Текс: Class 'app\controllers\App' not found | Файл: C:\OSPanel\domains\Framework\app\controllers\ProductController.php | Линия: 27
#################
11 October 2019 16:30:45 | Номер: Исключение | Текс: Класс app\controllers\CartController не найден | Файл: C:\OSPanel\domains\Framework\vendor\fw\core\Router.php | Линия: 62
#################
11 October 2019 16:31:31 | Номер: Исключение | Текс: indexAction не найден | Файл: C:\OSPanel\domains\Framework\vendor\fw\core\Router.php | Линия: 57
#################
11 October 2019 16:31:43 | Номер: Исключение | Текс: indexAction не найден | Файл: C:\OSPanel\domains\Framework\vendor\fw\core\Router.php | Линия: 57
#################
11 October 2019 16:32:25 | Номер: Исключение | Текс: indexAction не найден | Файл: C:\OSPanel\domains\Framework\vendor\fw\core\Router.php | Линия: 57
#################
11 October 2019 16:33:26 | Номер: Исключение | Текс: indexAction не найден | Файл: C:\OSPanel\domains\Framework\vendor\fw\core\Router.php | Линия: 57
#################
11 October 2019 16:35:28 | Номер: Исключение | Текс: Call to undefined function fw\core\debgu() | Файл: C:\OSPanel\domains\Framework\vendor\fw\core\Router.php | Линия: 45
#################
11 October 2019 16:35:29 | Номер: Исключение | Текс: Call to undefined function fw\core\debgu() | Файл: C:\OSPanel\domains\Framework\vendor\fw\core\Router.php | Линия: 45
#################
11 October 2019 16:35:36 | Номер: Исключение | Текс: Using $this when not in object context | Файл: C:\OSPanel\domains\Framework\vendor\fw\core\Router.php | Линия: 45
#################
11 October 2019 16:35:37 | Номер: Исключение | Текс: Using $this when not in object context | Файл: C:\OSPanel\domains\Framework\vendor\fw\core\Router.php | Линия: 45
#################
11 October 2019 16:35:52 | Номер: Исключение | Текс: Using $this when not in object context | Файл: C:\OSPanel\domains\Framework\vendor\fw\core\Router.php | Линия: 45
#################
11 October 2019 16:35:52 | Номер: Исключение | Текс: Using $this when not in object context | Файл: C:\OSPanel\domains\Framework\vendor\fw\core\Router.php | Линия: 45
#################
11 October 2019 16:35:53 | Номер: Исключение | Текс: Using $this when not in object context | Файл: C:\OSPanel\domains\Framework\vendor\fw\core\Router.php | Линия: 45
#################
11 October 2019 16:35:53 | Номер: Исключение | Текс: Using $this when not in object context | Файл: C:\OSPanel\domains\Framework\vendor\fw\core\Router.php | Линия: 45
#################
11 October 2019 16:35:53 | Номер: Исключение | Текс: Using $this when not in object context | Файл: C:\OSPanel\domains\Framework\vendor\fw\core\Router.php | Линия: 45
#################
11 October 2019 16:36:38 | Номер: Исключение | Текс: indexAction не найден | Файл: C:\OSPanel\domains\Framework\vendor\fw\core\Router.php | Линия: 58
#################
11 October 2019 16:36:56 | Номер: Исключение | Текс: indexAction не найден | Файл: C:\OSPanel\domains\Framework\vendor\fw\core\Router.php | Линия: 58
#################
11 October 2019 16:36:57 | Номер: Исключение | Текс: indexAction не найден | Файл: C:\OSPanel\domains\Framework\vendor\fw\core\Router.php | Линия: 58
#################
11 October 2019 16:37:13 | Номер: Исключение | Текс: Класс app\controllers\CheckoutController не найден | Файл: C:\OSPanel\domains\Framework\vendor\fw\core\Router.php | Линия: 63
#################
11 October 2019 16:37:23 | Номер: Исключение | Текс: indexAction не найден | Файл: C:\OSPanel\domains\Framework\vendor\fw\core\Router.php | Линия: 58
#################
11 October 2019 16:37:50 | Номер: Исключение | Текс: Такой вид не найден | Файл: C:\OSPanel\domains\Framework\vendor\fw\core\base\View.php | Линия: 31
#################
11 October 2019 16:38:46 | Номер: Исключение | Текс: indexAction не найден | Файл: C:\OSPanel\domains\Framework\vendor\fw\core\Router.php | Линия: 58
#################
11 October 2019 16:39:13 | Номер: Исключение | Текс: indexAction не найден | Файл: C:\OSPanel\domains\Framework\vendor\fw\core\Router.php | Линия: 58
#################
11 October 2019 16:39:13 | Номер: Исключение | Текс: indexAction не найден | Файл: C:\OSPanel\domains\Framework\vendor\fw\core\Router.php | Линия: 58
#################
11 October 2019 16:39:18 | Номер: Исключение | Текс: indexAction не найден | Файл: C:\OSPanel\domains\Framework\vendor\fw\core\Router.php | Линия: 58
#################
11 October 2019 16:58:34 | Номер: Исключение | Текс: Такой вид не найден | Файл: C:\OSPanel\domains\Framework\vendor\fw\core\base\View.php | Линия: 31
#################
11 October 2019 16:59:02 | Номер: Исключение | Текс: Такой вид не найден | Файл: C:\OSPanel\domains\Framework\vendor\fw\core\base\View.php | Линия: 31
#################
11 October 2019 16:59:47 | Номер: Исключение | Текс: Такой вид не найден | Файл: C:\OSPanel\domains\Framework\vendor\fw\core\base\View.php | Линия: 31
#################
11 October 2019 17:00:34 | Номер: Исключение | Текс: Такой вид не найден | Файл: C:\OSPanel\domains\Framework\vendor\fw\core\base\View.php | Линия: 31
#################
11 October 2019 17:04:02 | Номер: Исключение | Текс: Такой вид не найден | Файл: C:\OSPanel\domains\Framework\vendor\fw\core\base\View.php | Линия: 31
#################
11 October 2019 17:06:31 | Номер: Исключение | Текс: Такой вид не найден | Файл: C:\OSPanel\domains\Framework\vendor\fw\core\base\View.php | Линия: 31
#################
11 October 2019 17:06:42 | Номер: Исключение | Текс: Такой вид не найден | Файл: C:\OSPanel\domains\Framework\vendor\fw\core\base\View.php | Линия: 31
#################
11 October 2019 17:09:04 | Номер: Исключение | Текс: Такой вид не найден | Файл: C:\OSPanel\domains\Framework\vendor\fw\core\base\View.php | Линия: 31
#################
11 October 2019 17:11:01 | Номер: Исключение | Текс: Такой вид не найден | Файл: C:\OSPanel\domains\Framework\vendor\fw\core\base\View.php | Линия: 31
#################
11 October 2019 17:34:39 | Номер: Исключение | Текс: Такой вид не найден | Файл: C:\OSPanel\domains\Framework\vendor\fw\core\base\View.php | Линия: 31
#################
11 October 2019 17:35:45 | Номер: Исключение | Текс: Такой вид не найден | Файл: C:\OSPanel\domains\Framework\vendor\fw\core\base\View.php | Линия: 31
#################
11 October 2019 17:36:23 | Номер: Исключение | Текс: Такой вид не найден | Файл: C:\OSPanel\domains\Framework\vendor\fw\core\base\View.php | Линия: 31
#################
11 October 2019 17:36:33 | Номер: Исключение | Текс: Такой вид не найден | Файл: C:\OSPanel\domains\Framework\vendor\fw\core\base\View.php | Линия: 31
#################
11 October 2019 17:37:56 | Номер: Исключение | Текс: viewAction не найден | Файл: C:\OSPanel\domains\Framework\vendor\fw\core\Router.php | Линия: 57
#################
11 October 2019 17:37:59 | Номер: Исключение | Текс: viewAction не найден | Файл: C:\OSPanel\domains\Framework\vendor\fw\core\Router.php | Линия: 57
#################
11 October 2019 17:38:09 | Номер: Исключение | Текс: viewAction не найден | Файл: C:\OSPanel\domains\Framework\vendor\fw\core\Router.php | Линия: 57
#################
11 October 2019 17:38:21 | Номер: Исключение | Текс: viewAction не найден | Файл: C:\OSPanel\domains\Framework\vendor\fw\core\Router.php | Линия: 57
#################
11 October 2019 17:39:29 | Номер: Исключение | Текс: indexAction не найден | Файл: C:\OSPanel\domains\Framework\vendor\fw\core\Router.php | Линия: 57
#################
11 October 2019 17:39:38 | Номер: Исключение | Текс: viewAction не найден | Файл: C:\OSPanel\domains\Framework\vendor\fw\core\Router.php | Линия: 57
#################
11 October 2019 17:39:57 | Номер: Исключение | Текс: viewAction не найден | Файл: C:\OSPanel\domains\Framework\vendor\fw\core\Router.php | Линия: 57
#################
11 October 2019 17:40:08 | Номер: Исключение | Текс: viewAction не найден | Файл: C:\OSPanel\domains\Framework\vendor\fw\core\Router.php | Линия: 57
#################
11 October 2019 17:40:12 | Номер: Исключение | Текс: indexAction не найден | Файл: C:\OSPanel\domains\Framework\vendor\fw\core\Router.php | Линия: 57
#################
11 October 2019 17:40:48 | Номер: Исключение | Текс: Такой вид не найден | Файл: C:\OSPanel\domains\Framework\vendor\fw\core\base\View.php | Линия: 31
#################
11 October 2019 17:40:49 | Номер: Исключение | Текс: Такой вид не найден | Файл: C:\OSPanel\domains\Framework\vendor\fw\core\base\View.php | Линия: 31
#################
11 October 2019 17:40:51 | Номер: Исключение | Текс: Такой вид не найден | Файл: C:\OSPanel\domains\Framework\vendor\fw\core\base\View.php | Линия: 31
#################
11 October 2019 17:40:51 | Номер: Исключение | Текс: Такой вид не найден | Файл: C:\OSPanel\domains\Framework\vendor\fw\core\base\View.php | Линия: 31
#################
11 October 2019 17:41:45 | Номер: Исключение | Текс: viewAction не найден | Файл: C:\OSPanel\domains\Framework\vendor\fw\core\Router.php | Линия: 57
#################
11 October 2019 17:42:33 | Номер: Исключение | Текс: viewAction не найден | Файл: C:\OSPanel\domains\Framework\vendor\fw\core\Router.php | Линия: 57
#################
11 October 2019 17:43:08 | Номер: Исключение | Текс: viewAction не найден | Файл: C:\OSPanel\domains\Framework\vendor\fw\core\Router.php | Линия: 57
#################
11 October 2019 17:43:42 | Номер: Исключение | Текс: viewAction не найден | Файл: C:\OSPanel\domains\Framework\vendor\fw\core\Router.php | Линия: 57
#################
11 October 2019 17:44:02 | Номер: Исключение | Текс: viewAction не найден | Файл: C:\OSPanel\domains\Framework\vendor\fw\core\Router.php | Линия: 57
#################
11 October 2019 17:45:54 | Номер: Исключение | Текс: addAction не найден | Файл: C:\OSPanel\domains\Framework\vendor\fw\core\Router.php | Линия: 57
#################
11 October 2019 17:46:54 | Номер: 2 | Текс: Use of undefined constant php - assumed 'php' (this will throw an Error in a future version of PHP) | Файл: C:\OSPanel\domains\Framework\app\views\layout\luxery_watchs.php | Линия: 12
#################
11 October 2019 17:47:01 | Номер: 2 | Текс: Use of undefined constant php - assumed 'php' (this will throw an Error in a future version of PHP) | Файл: C:\OSPanel\domains\Framework\app\views\layout\luxery_watchs.php | Линия: 12
#################
11 October 2019 17:49:44 | Номер: Исключение | Текс: Такой вид не найден | Файл: C:\OSPanel\domains\Framework\vendor\fw\core\base\View.php | Линия: 31
#################
11 October 2019 17:49:48 | Номер: Исключение | Текс: Такой вид не найден | Файл: C:\OSPanel\domains\Framework\vendor\fw\core\base\View.php | Линия: 31
#################
11 October 2019 17:50:10 | Номер: Исключение | Текс: Такой вид не найден | Файл: C:\OSPanel\domains\Framework\vendor\fw\core\base\View.php | Линия: 31
#################
11 October 2019 17:50:12 | Номер: Исключение | Текс: Такой вид не найден | Файл: C:\OSPanel\domains\Framework\vendor\fw\core\base\View.php | Линия: 31
#################
11 October 2019 17:51:07 | Номер: Исключение | Текс: Using $this when not in object context | Файл: C:\OSPanel\domains\Framework\vendor\fw\core\Router.php | Линия: 36
#################
11 October 2019 17:51:08 | Номер: Исключение | Текс: Using $this when not in object context | Файл: C:\OSPanel\domains\Framework\vendor\fw\core\Router.php | Линия: 36
#################
11 October 2019 17:51:32 | Номер: Исключение | Текс: Такой вид не найден | Файл: C:\OSPanel\domains\Framework\vendor\fw\core\base\View.php | Линия: 31
#################
11 October 2019 17:52:03 | Номер: Исключение | Текс: Такой вид не найден | Файл: C:\OSPanel\domains\Framework\vendor\fw\core\base\View.php | Линия: 31
#################
11 October 2019 17:52:04 | Номер: Исключение | Текс: Такой вид не найден | Файл: C:\OSPanel\domains\Framework\vendor\fw\core\base\View.php | Линия: 31
#################
11 October 2019 17:52:05 | Номер: Исключение | Текс: Такой вид не найден | Файл: C:\OSPanel\domains\Framework\vendor\fw\core\base\View.php | Линия: 31
#################
14 October 2019 20:01:30 | Номер: Исключение | Текс: SQLSTATE[42S02]: Base table or view not found: 1146 Table 'ishop.releated_product' doesn't exist | Файл: C:\OSPanel\domains\Framework\vendor\gabordemooij\redbean\RedBeanPHP\Driver\RPDO.php | Линия: 194
#################
14 October 2019 20:02:03 | Номер: Исключение | Текс: SQLSTATE[42S22]: Column not found: 1054 Unknown column 'related_product.releated_id' in 'on clause' | Файл: C:\OSPanel\domains\Framework\vendor\gabordemooij\redbean\RedBeanPHP\Driver\RPDO.php | Линия: 194
#################
14 October 2019 20:19:24 | Номер: 2 | Текс: Creating default object from empty value | Файл: C:\OSPanel\domains\Framework\app\views\Product\view.php | Линия: 152
#################
14 October 2019 20:20:15 | Номер: 2 | Текс: Creating default object from empty value | Файл: C:\OSPanel\domains\Framework\app\views\Product\view.php | Линия: 152
#################
14 October 2019 20:21:05 | Номер: 2 | Текс: Creating default object from empty value | Файл: C:\OSPanel\domains\Framework\app\views\Product\view.php | Линия: 152
#################
14 October 2019 20:21:07 | Номер: 2 | Текс: Creating default object from empty value | Файл: C:\OSPanel\domains\Framework\app\views\Product\view.php | Линия: 152
#################
14 October 2019 20:21:57 | Номер: Исключение | Текс: Unsupported operand types | Файл: C:\OSPanel\domains\Framework\app\views\Product\view.php | Линия: 165
#################
14 October 2019 20:33:43 | Номер: Исключение | Текс: syntax error, unexpected 'endif' (T_ENDIF) | Файл: C:\OSPanel\domains\Framework\app\views\Product\view.php | Линия: 29
#################
14 October 2019 20:40:44 | Номер: Исключение | Текс: syntax error, unexpected ')' | Файл: C:\OSPanel\domains\Framework\app\views\Product\view.php | Линия: 29
#################
15 October 2019 13:16:11 | Номер: 8 | Текс: Array to string conversion | Файл: C:\OSPanel\domains\Framework\vendor\gabordemooij\redbean\RedBeanPHP\QueryWriter\AQueryWriter.php | Линия: 149
#################
15 October 2019 13:16:11 | Номер: 8 | Текс: Array to string conversion | Файл: C:\OSPanel\domains\Framework\vendor\gabordemooij\redbean\RedBeanPHP\QueryWriter\AQueryWriter.php | Линия: 149
#################
15 October 2019 13:18:22 | Номер: 8 | Текс: Array to string conversion | Файл: C:\OSPanel\domains\Framework\vendor\gabordemooij\redbean\RedBeanPHP\QueryWriter\AQueryWriter.php | Линия: 149
#################
15 October 2019 13:18:22 | Номер: 8 | Текс: Array to string conversion | Файл: C:\OSPanel\domains\Framework\vendor\gabordemooij\redbean\RedBeanPHP\QueryWriter\AQueryWriter.php | Линия: 149
#################
15 October 2019 13:19:36 | Номер: 8 | Текс: Array to string conversion | Файл: C:\OSPanel\domains\Framework\vendor\gabordemooij\redbean\RedBeanPHP\QueryWriter\AQueryWriter.php | Линия: 149
#################
15 October 2019 13:19:36 | Номер: 8 | Текс: Array to string conversion | Файл: C:\OSPanel\domains\Framework\vendor\gabordemooij\redbean\RedBeanPHP\QueryWriter\AQueryWriter.php | Линия: 149
#################
15 October 2019 14:15:59 | Номер: 2 | Текс: Use of undefined constant PATH - assumed 'PATH' (this will throw an Error in a future version of PHP) | Файл: C:\OSPanel\domains\Framework\app\models\Breadcrumbs.php | Линия: 13
#################
15 October 2019 14:16:43 | Номер: Исключение | Текс: Класс app\controllers\CategoryController не найден | Файл: C:\OSPanel\domains\Framework\vendor\fw\core\Router.php | Линия: 63
#################
15 October 2019 14:16:45 | Номер: Исключение | Текс: Класс app\controllers\CategoryController не найден | Файл: C:\OSPanel\domains\Framework\vendor\fw\core\Router.php | Линия: 63
#################
15 October 2019 14:35:18 | Номер: Исключение | Текс: SQLSTATE[42S22]: Column not found: 1054 Unknown column 'o' in 'where clause' | Файл: C:\OSPanel\domains\Framework\vendor\gabordemooij\redbean\RedBeanPHP\Driver\RPDO.php | Линия: 194
#################
15 October 2019 14:37:17 | Номер: Исключение | Текс: SQLSTATE[42S22]: Column not found: 1054 Unknown column 'o' in 'where clause' | Файл: C:\OSPanel\domains\Framework\vendor\gabordemooij\redbean\RedBeanPHP\Driver\RPDO.php | Линия: 194
#################
15 October 2019 14:37:17 | Номер: Исключение | Текс: SQLSTATE[42S22]: Column not found: 1054 Unknown column 'o' in 'where clause' | Файл: C:\OSPanel\domains\Framework\vendor\gabordemooij\redbean\RedBeanPHP\Driver\RPDO.php | Линия: 194
#################
15 October 2019 14:38:06 | Номер: Исключение | Текс: SQLSTATE[42S22]: Column not found: 1054 Unknown column 'o' in 'where clause' | Файл: C:\OSPanel\domains\Framework\vendor\gabordemooij\redbean\RedBeanPHP\Driver\RPDO.php | Линия: 194
#################
15 October 2019 14:38:07 | Номер: Исключение | Текс: SQLSTATE[42S22]: Column not found: 1054 Unknown column 'o' in 'where clause' | Файл: C:\OSPanel\domains\Framework\vendor\gabordemooij\redbean\RedBeanPHP\Driver\RPDO.php | Линия: 194
#################
15 October 2019 14:38:32 | Номер: Исключение | Текс: SQLSTATE[42S22]: Column not found: 1054 Unknown column 'o' in 'where clause' | Файл: C:\OSPanel\domains\Framework\vendor\gabordemooij\redbean\RedBeanPHP\Driver\RPDO.php | Линия: 194
#################
15 October 2019 14:38:34 | Номер: Исключение | Текс: SQLSTATE[42S22]: Column not found: 1054 Unknown column 'o' in 'where clause' | Файл: C:\OSPanel\domains\Framework\vendor\gabordemooij\redbean\RedBeanPHP\Driver\RPDO.php | Линия: 194
#################
15 October 2019 14:38:34 | Номер: Исключение | Текс: SQLSTATE[42S22]: Column not found: 1054 Unknown column 'o' in 'where clause' | Файл: C:\OSPanel\domains\Framework\vendor\gabordemooij\redbean\RedBeanPHP\Driver\RPDO.php | Линия: 194
#################
16 October 2019 20:14:09 | Номер: 8 | Текс: Undefined property: app\controllers\CartController::$prefix | Файл: C:\OSPanel\domains\Framework\vendor\fw\core\base\Controller.php | Линия: 45
#################
16 October 2019 20:14:46 | Номер: Исключение | Текс: Такой вид не найден | Файл: C:\OSPanel\domains\Framework\vendor\fw\core\base\View.php | Линия: 31
#################
16 October 2019 20:15:10 | Номер: Исключение | Текс: Такой вид не найден | Файл: C:\OSPanel\domains\Framework\vendor\fw\core\base\View.php | Линия: 31
#################
16 October 2019 20:15:38 | Номер: Исключение | Текс: Такой вид не найден | Файл: C:\OSPanel\domains\Framework\vendor\fw\core\base\View.php | Линия: 31
#################
16 October 2019 20:15:41 | Номер: Исключение | Текс: Такой вид не найден | Файл: C:\OSPanel\domains\Framework\vendor\fw\core\base\View.php | Линия: 31
#################
16 October 2019 20:15:57 | Номер: Исключение | Текс: Такой вид не найден | Файл: C:\OSPanel\domains\Framework\vendor\fw\core\base\View.php | Линия: 31
#################
16 October 2019 20:16:13 | Номер: Исключение | Текс: Такой вид не найден | Файл: C:\OSPanel\domains\Framework\vendor\fw\core\base\View.php | Линия: 31
#################
16 October 2019 20:17:13 | Номер: Исключение | Текс: Такой вид не найден | Файл: C:\OSPanel\domains\Framework\vendor\fw\core\base\View.php | Линия: 31
#################
16 October 2019 20:17:24 | Номер: Исключение | Текс: Такой вид не найден | Файл: C:\OSPanel\domains\Framework\vendor\fw\core\base\View.php | Линия: 31
#################
16 October 2019 20:17:36 | Номер: Исключение | Текс: Такой вид не найден | Файл: C:\OSPanel\domains\Framework\vendor\fw\core\base\View.php | Линия: 31
#################
16 October 2019 20:18:03 | Номер: Исключение | Текс: Такой вид не найден | Файл: C:\OSPanel\domains\Framework\vendor\fw\core\base\View.php | Линия: 31
#################
16 October 2019 20:18:48 | Номер: Исключение | Текс: Такой вид не найден | Файл: C:\OSPanel\domains\Framework\vendor\fw\core\base\View.php | Линия: 31
#################
16 October 2019 20:19:00 | Номер: Исключение | Текс: Такой вид не найден | Файл: C:\OSPanel\domains\Framework\vendor\fw\core\base\View.php | Линия: 31
#################
16 October 2019 20:19:09 | Номер: Исключение | Текс: Такой вид не найден | Файл: C:\OSPanel\domains\Framework\vendor\fw\core\base\View.php | Линия: 31
#################
16 October 2019 20:19:15 | Номер: Исключение | Текс: Такой вид не найден | Файл: C:\OSPanel\domains\Framework\vendor\fw\core\base\View.php | Линия: 31
#################
16 October 2019 20:19:34 | Номер: Исключение | Текс: Такой вид не найден | Файл: C:\OSPanel\domains\Framework\vendor\fw\core\base\View.php | Линия: 31
#################
16 October 2019 20:19:40 | Номер: Исключение | Текс: Такой вид не найден | Файл: C:\OSPanel\domains\Framework\vendor\fw\core\base\View.php | Линия: 31
#################
16 October 2019 20:19:59 | Номер: Исключение | Текс: Такой вид не найден | Файл: C:\OSPanel\domains\Framework\vendor\fw\core\base\View.php | Линия: 31
#################
16 October 2019 20:20:05 | Номер: Исключение | Текс: Такой вид не найден | Файл: C:\OSPanel\domains\Framework\vendor\fw\core\base\View.php | Линия: 31
#################
16 October 2019 20:21:04 | Номер: Исключение | Текс: Такой вид не найден | Файл: C:\OSPanel\domains\Framework\vendor\fw\core\base\View.php | Линия: 31
#################
16 October 2019 20:21:29 | Номер: Исключение | Текс: Такой вид не найден | Файл: C:\OSPanel\domains\Framework\vendor\fw\core\base\View.php | Линия: 31
#################
16 October 2019 20:23:00 | Номер: Исключение | Текс: Такой вид не найден | Файл: C:\OSPanel\domains\Framework\vendor\fw\core\base\View.php | Линия: 31
#################
16 October 2019 20:23:41 | Номер: Исключение | Текс: Такой вид не найден | Файл: C:\OSPanel\domains\Framework\vendor\fw\core\base\View.php | Линия: 31
#################
16 October 2019 20:24:03 | Номер: Исключение | Текс: Такой вид не найден | Файл: C:\OSPanel\domains\Framework\vendor\fw\core\base\View.php | Линия: 31
#################
16 October 2019 20:24:30 | Номер: Исключение | Текс: Такой вид не найден | Файл: C:\OSPanel\domains\Framework\vendor\fw\core\base\View.php | Линия: 31
#################
16 October 2019 20:24:45 | Номер: Исключение | Текс: Такой вид не найден | Файл: C:\OSPanel\domains\Framework\vendor\fw\core\base\View.php | Линия: 31
#################
16 October 2019 20:27:02 | Номер: Исключение | Текс: Такой вид не найден | Файл: C:\OSPanel\domains\Framework\vendor\fw\core\base\View.php | Линия: 32
#################
16 October 2019 20:27:03 | Номер: Исключение | Текс: Такой вид не найден | Файл: C:\OSPanel\domains\Framework\vendor\fw\core\base\View.php | Линия: 32
#################
16 October 2019 20:27:04 | Номер: Исключение | Текс: Такой вид не найден | Файл: C:\OSPanel\domains\Framework\vendor\fw\core\base\View.php | Линия: 32
#################
16 October 2019 20:27:05 | Номер: Исключение | Текс: Такой вид не найден | Файл: C:\OSPanel\domains\Framework\vendor\fw\core\base\View.php | Линия: 32
#################
16 October 2019 20:27:38 | Номер: Исключение | Текс: Такой вид не найден | Файл: C:\OSPanel\domains\Framework\vendor\fw\core\base\View.php | Линия: 32
#################
16 October 2019 20:27:39 | Номер: Исключение | Текс: Такой вид не найден | Файл: C:\OSPanel\domains\Framework\vendor\fw\core\base\View.php | Линия: 32
#################
16 October 2019 20:28:13 | Номер: Исключение | Текс: Такой вид не найден | Файл: C:\OSPanel\domains\Framework\vendor\fw\core\base\View.php | Линия: 32
#################
16 October 2019 20:28:55 | Номер: Исключение | Текс: Такой вид не найден | Файл: C:\OSPanel\domains\Framework\vendor\fw\core\base\View.php | Линия: 32
#################
16 October 2019 20:30:55 | Номер: 8 | Текс: Undefined property: app\controllers\CartController::$prefix | Файл: C:\OSPanel\domains\Framework\vendor\fw\core\base\Controller.php | Линия: 45
#################
16 October 2019 20:34:03 | Номер: 8 | Текс: Undefined property: app\controllers\CartController::$prefix | Файл: C:\OSPanel\domains\Framework\vendor\fw\core\base\Controller.php | Линия: 45
#################
16 October 2019 20:34:34 | Номер: 8 | Текс: Undefined property: app\controllers\CartController::$prefix | Файл: C:\OSPanel\domains\Framework\vendor\fw\core\base\Controller.php | Линия: 45
#################
16 October 2019 20:55:17 | Номер: 8 | Текс: Trying to get property 'id' of non-object | Файл: C:\OSPanel\domains\Framework\app\models\Cart.php | Линия: 20
#################
16 October 2019 20:55:26 | Номер: 8 | Текс: Trying to get property 'id' of non-object | Файл: C:\OSPanel\domains\Framework\app\models\Cart.php | Линия: 20
#################
16 October 2019 21:12:01 | Номер: 8 | Текс: Undefined index: QTY | Файл: C:\OSPanel\domains\Framework\app\models\Cart.php | Линия: 29
#################
16 October 2019 21:12:22 | Номер: 8 | Текс: Undefined index: QTY | Файл: C:\OSPanel\domains\Framework\app\models\Cart.php | Линия: 29
#################
16 October 2019 21:16:00 | Номер: 8 | Текс: Undefined index: QTY | Файл: C:\OSPanel\domains\Framework\app\models\Cart.php | Линия: 29
#################
18 October 2019 08:10:36 | Номер: 8 | Текс: Undefined index: QTY | Файл: C:\OSPanel\domains\Framework\app\models\Cart.php | Линия: 29
#################
18 October 2019 08:10:50 | Номер: 8 | Текс: Undefined index: QTY | Файл: C:\OSPanel\domains\Framework\app\models\Cart.php | Линия: 29
#################
18 October 2019 08:11:20 | Номер: 8 | Текс: Undefined index: QTY | Файл: C:\OSPanel\domains\Framework\app\models\Cart.php | Линия: 29
#################
18 October 2019 08:11:46 | Номер: 8 | Текс: Undefined index: QTY | Файл: C:\OSPanel\domains\Framework\app\models\Cart.php | Линия: 29
#################
18 October 2019 08:17:11 | Номер: 8 | Текс: Undefined index: QTY | Файл: C:\OSPanel\domains\Framework\app\models\Cart.php | Линия: 29
#################
18 October 2019 08:18:23 | Номер: 8 | Текс: Undefined index: QTY | Файл: C:\OSPanel\domains\Framework\app\models\Cart.php | Линия: 29
#################
18 October 2019 08:18:25 | Номер: 8 | Текс: Undefined index: QTY | Файл: C:\OSPanel\domains\Framework\app\models\Cart.php | Линия: 29
#################
18 October 2019 08:18:48 | Номер: 8 | Текс: Undefined index: QTY | Файл: C:\OSPanel\domains\Framework\app\models\Cart.php | Линия: 29
#################
18 October 2019 08:19:22 | Номер: 8 | Текс: Undefined index: QTY | Файл: C:\OSPanel\domains\Framework\app\models\Cart.php | Линия: 29
#################
18 October 2019 08:20:06 | Номер: 8 | Текс: Undefined index: QTY | Файл: C:\OSPanel\domains\Framework\app\models\Cart.php | Линия: 29
#################
18 October 2019 08:20:28 | Номер: 8 | Текс: Undefined index: QTY | Файл: C:\OSPanel\domains\Framework\app\models\Cart.php | Линия: 29
#################
18 October 2019 08:20:35 | Номер: 8 | Текс: Undefined index: QTY | Файл: C:\OSPanel\domains\Framework\app\models\Cart.php | Линия: 29
#################
18 October 2019 08:20:58 | Номер: 8 | Текс: Undefined index: QTY | Файл: C:\OSPanel\domains\Framework\app\models\Cart.php | Линия: 29
#################
18 October 2019 08:21:25 | Номер: 8 | Текс: Undefined index: QTY | Файл: C:\OSPanel\domains\Framework\app\models\Cart.php | Линия: 29
#################
18 October 2019 08:23:03 | Номер: 8 | Текс: Undefined index: QTY | Файл: C:\OSPanel\domains\Framework\app\models\Cart.php | Линия: 29
#################
18 October 2019 08:23:27 | Номер: 8 | Текс: Undefined index: QTY | Файл: C:\OSPanel\domains\Framework\app\models\Cart.php | Линия: 29
#################
18 October 2019 08:23:36 | Номер: 8 | Текс: Undefined index: QTY | Файл: C:\OSPanel\domains\Framework\app\models\Cart.php | Линия: 29
#################
18 October 2019 08:23:43 | Номер: 8 | Текс: Undefined index: QTY | Файл: C:\OSPanel\domains\Framework\app\models\Cart.php | Линия: 29
#################
18 October 2019 08:24:51 | Номер: 8 | Текс: Undefined index: QTY | Файл: C:\OSPanel\domains\Framework\app\models\Cart.php | Линия: 29
#################
18 October 2019 08:25:04 | Номер: 8 | Текс: Undefined index: QTY | Файл: C:\OSPanel\domains\Framework\app\models\Cart.php | Линия: 29
#################
18 October 2019 08:25:12 | Номер: 8 | Текс: Undefined index: QTY | Файл: C:\OSPanel\domains\Framework\app\models\Cart.php | Линия: 29
#################
18 October 2019 08:26:22 | Номер: 8 | Текс: Undefined index: QTY | Файл: C:\OSPanel\domains\Framework\app\models\Cart.php | Линия: 29
#################
18 October 2019 08:27:51 | Номер: Исключение | Текс: Такой вид не найден | Файл: C:\OSPanel\domains\Framework\vendor\fw\core\base\View.php | Линия: 32
#################
18 October 2019 08:28:03 | Номер: Исключение | Текс: Такой вид не найден | Файл: C:\OSPanel\domains\Framework\vendor\fw\core\base\View.php | Линия: 32
#################
18 October 2019 08:28:35 | Номер: Исключение | Текс: Такой вид не найден | Файл: C:\OSPanel\domains\Framework\vendor\fw\core\base\View.php | Линия: 32
#################
18 October 2019 08:29:05 | Номер: Исключение | Текс: Такой вид не найден | Файл: C:\OSPanel\domains\Framework\vendor\fw\core\base\View.php | Линия: 32
#################
18 October 2019 08:29:21 | Номер: Исключение | Текс: Такой вид не найден | Файл: C:\OSPanel\domains\Framework\vendor\fw\core\base\View.php | Линия: 32
#################
18 October 2019 08:29:33 | Номер: Исключение | Текс: Такой вид не найден | Файл: C:\OSPanel\domains\Framework\vendor\fw\core\base\View.php | Линия: 32
#################
18 October 2019 08:30:25 | Номер: Исключение | Текс: Такой вид не найден | Файл: C:\OSPanel\domains\Framework\vendor\fw\core\base\View.php | Линия: 32
#################
18 October 2019 08:30:51 | Номер: Исключение | Текс: Такой вид не найден | Файл: C:\OSPanel\domains\Framework\vendor\fw\core\base\View.php | Линия: 32
#################
18 October 2019 08:31:58 | Номер: 8 | Текс: Undefined index: QTY | Файл: C:\OSPanel\domains\Framework\app\models\Cart.php | Линия: 29
#################
18 October 2019 08:32:17 | Номер: 8 | Текс: Undefined index: QTY | Файл: C:\OSPanel\domains\Framework\app\models\Cart.php | Линия: 29
#################
18 October 2019 08:32:47 | Номер: 8 | Текс: Undefined index: QTY | Файл: C:\OSPanel\domains\Framework\app\models\Cart.php | Линия: 29
#################
18 October 2019 08:32:58 | Номер: 8 | Текс: Undefined index: QTY | Файл: C:\OSPanel\domains\Framework\app\models\Cart.php | Линия: 29
#################
18 October 2019 08:33:13 | Номер: 8 | Текс: Undefined index: QTY | Файл: C:\OSPanel\domains\Framework\app\models\Cart.php | Линия: 29
#################
18 October 2019 08:33:42 | Номер: 8 | Текс: Undefined index: QTY | Файл: C:\OSPanel\domains\Framework\app\models\Cart.php | Линия: 29
#################
18 October 2019 08:34:37 | Номер: 8 | Текс: Undefined index: QTY | Файл: C:\OSPanel\domains\Framework\app\models\Cart.php | Линия: 29
#################
18 October 2019 08:35:06 | Номер: 8 | Текс: Undefined index: QTY | Файл: C:\OSPanel\domains\Framework\app\models\Cart.php | Линия: 29
#################
18 October 2019 08:35:17 | Номер: 8 | Текс: Undefined index: QTY | Файл: C:\OSPanel\domains\Framework\app\models\Cart.php | Линия: 29
#################
18 October 2019 08:35:31 | Номер: 8 | Текс: Undefined index: QTY | Файл: C:\OSPanel\domains\Framework\app\models\Cart.php | Линия: 29
#################
18 October 2019 08:35:48 | Номер: 8 | Текс: Undefined index: QTY | Файл: C:\OSPanel\domains\Framework\app\models\Cart.php | Линия: 29
#################
18 October 2019 08:38:29 | Номер: 8 | Текс: Undefined index: QTY | Файл: C:\OSPanel\domains\Framework\app\models\Cart.php | Линия: 29
#################
18 October 2019 08:38:40 | Номер: 8 | Текс: Undefined index: QTY | Файл: C:\OSPanel\domains\Framework\app\models\Cart.php | Линия: 29
#################
18 October 2019 08:38:54 | Номер: 8 | Текс: Undefined index: QTY | Файл: C:\OSPanel\domains\Framework\app\models\Cart.php | Линия: 29
#################
18 October 2019 08:39:03 | Номер: 8 | Текс: Undefined index: QTY | Файл: C:\OSPanel\domains\Framework\app\models\Cart.php | Линия: 29
#################
18 October 2019 08:39:48 | Номер: 8 | Текс: Undefined index: QTY | Файл: C:\OSPanel\domains\Framework\app\models\Cart.php | Линия: 29
#################
18 October 2019 08:41:22 | Номер: Исключение | Текс: Такой вид не найден | Файл: C:\OSPanel\domains\Framework\vendor\fw\core\base\View.php | Линия: 32
#################
18 October 2019 08:42:23 | Номер: Исключение | Текс: Такой вид не найден | Файл: C:\OSPanel\domains\Framework\vendor\fw\core\base\View.php | Линия: 32
#################
18 October 2019 08:42:38 | Номер: Исключение | Текс: Такой вид не найден | Файл: C:\OSPanel\domains\Framework\vendor\fw\core\base\View.php | Линия: 32
#################
18 October 2019 08:42:42 | Номер: Исключение | Текс: Такой вид не найден | Файл: C:\OSPanel\domains\Framework\vendor\fw\core\base\View.php | Линия: 32
#################
18 October 2019 08:43:27 | Номер: Исключение | Текс: Такой вид не найден | Файл: C:\OSPanel\domains\Framework\vendor\fw\core\base\View.php | Линия: 32
#################
18 October 2019 08:44:40 | Номер: 8 | Текс: Undefined index: QTY | Файл: C:\OSPanel\domains\Framework\app\models\Cart.php | Линия: 29
#################
18 October 2019 08:46:58 | Номер: 8 | Текс: Undefined index: QTY | Файл: C:\OSPanel\domains\Framework\app\models\Cart.php | Линия: 29
#################
18 October 2019 08:47:07 | Номер: 8 | Текс: Undefined index: QTY | Файл: C:\OSPanel\domains\Framework\app\models\Cart.php | Линия: 29
#################
18 October 2019 08:47:19 | Номер: 8 | Текс: Undefined index: QTY | Файл: C:\OSPanel\domains\Framework\app\models\Cart.php | Линия: 29
#################
18 October 2019 08:47:59 | Номер: 8 | Текс: Undefined index: QTY | Файл: C:\OSPanel\domains\Framework\app\models\Cart.php | Линия: 29
#################
18 October 2019 08:48:32 | Номер: 8 | Текс: Undefined index: QTY | Файл: C:\OSPanel\domains\Framework\app\models\Cart.php | Линия: 29
#################
18 October 2019 08:48:44 | Номер: 8 | Текс: Undefined index: QTY | Файл: C:\OSPanel\domains\Framework\app\models\Cart.php | Линия: 29
#################
18 October 2019 08:49:20 | Номер: 8 | Текс: Undefined index: QTY | Файл: C:\OSPanel\domains\Framework\app\models\Cart.php | Линия: 29
#################
21 October 2019 13:39:04 | Номер: 8 | Текс: Undefined index: cart.curancy | Файл: C:\OSPanel\domains\Framework\app\views\layout\luxery_watchs.php | Линия: 63
#################
21 October 2019 13:39:20 | Номер: 8 | Текс: Undefined index: cart.curancy | Файл: C:\OSPanel\domains\Framework\app\views\layout\luxery_watchs.php | Линия: 63
#################
21 October 2019 13:40:45 | Номер: 8 | Текс: Undefined index: summ | Файл: C:\OSPanel\domains\Framework\app\views\layout\luxery_watchs.php | Линия: 63
#################
21 October 2019 13:41:42 | Номер: 8 | Текс: Undefined index: cart.summ | Файл: C:\OSPanel\domains\Framework\app\views\layout\luxery_watchs.php | Линия: 63
#################
21 October 2019 13:41:58 | Номер: 8 | Текс: Undefined index: cart.summ | Файл: C:\OSPanel\domains\Framework\app\views\layout\luxery_watchs.php | Линия: 63
#################
21 October 2019 13:55:43 | Номер: Исключение | Текс: Класс app\controllers\ShowController не найден | Файл: C:\OSPanel\domains\Framework\vendor\fw\core\Router.php | Линия: 63
#################
21 October 2019 14:48:04 | Номер: 8 | Текс: Undefined index: id | Файл: C:\OSPanel\domains\Framework\app\controllers\CartController.php | Линия: 50
#################
21 October 2019 14:48:36 | Номер: 8 | Текс: Undefined index: id | Файл: C:\OSPanel\domains\Framework\app\controllers\CartController.php | Линия: 50
#################
21 October 2019 14:48:37 | Номер: 8 | Текс: Undefined index: id | Файл: C:\OSPanel\domains\Framework\app\controllers\CartController.php | Линия: 50
#################
21 October 2019 14:48:38 | Номер: 8 | Текс: Undefined index: id | Файл: C:\OSPanel\domains\Framework\app\controllers\CartController.php | Линия: 50
#################
21 October 2019 14:48:38 | Номер: 8 | Текс: Undefined index: id | Файл: C:\OSPanel\domains\Framework\app\controllers\CartController.php | Линия: 50
#################
21 October 2019 14:53:17 | Номер: Исключение | Текс: indexAction не найден | Файл: C:\OSPanel\domains\Framework\vendor\fw\core\Router.php | Линия: 58
#################
21 October 2019 14:55:23 | Номер: 8 | Текс: Undefined index: id | Файл: C:\OSPanel\domains\Framework\app\controllers\CartController.php | Линия: 50
#################
21 October 2019 14:56:12 | Номер: 2 | Текс: Use of undefined constant nul - assumed 'nul' (this will throw an Error in a future version of PHP) | Файл: C:\OSPanel\domains\Framework\app\controllers\CartController.php | Линия: 22
#################
21 October 2019 14:56:15 | Номер: 2 | Текс: Use of undefined constant nul - assumed 'nul' (this will throw an Error in a future version of PHP) | Файл: C:\OSPanel\domains\Framework\app\controllers\CartController.php | Линия: 22
#################
21 October 2019 14:56:46 | Номер: 2 | Текс: Use of undefined constant nul - assumed 'nul' (this will throw an Error in a future version of PHP) | Файл: C:\OSPanel\domains\Framework\app\controllers\CartController.php | Линия: 22
#################
22 October 2019 15:00:51 | Номер: Исключение | Текс: Такой вид не найден | Файл: C:\OSPanel\domains\Framework\vendor\fw\core\base\View.php | Линия: 32
#################
22 October 2019 15:01:08 | Номер: Исключение | Текс: Такой вид не найден | Файл: C:\OSPanel\domains\Framework\vendor\fw\core\base\View.php | Линия: 32
#################
22 October 2019 15:01:10 | Номер: Исключение | Текс: Такой вид не найден | Файл: C:\OSPanel\domains\Framework\vendor\fw\core\base\View.php | Линия: 32
#################
22 October 2019 15:16:16 | Номер: Исключение | Текс: indexAction не найден | Файл: C:\OSPanel\domains\Framework\vendor\fw\core\Router.php | Линия: 58
#################
22 October 2019 15:25:20 | Номер: 8 | Текс: Undefined index: %QUERY | Файл: C:\OSPanel\domains\Framework\app\controllers\SearchController.php | Линия: 12
#################
23 October 2019 19:27:37 | Номер: Исключение | Текс: indexAction не найден | Файл: C:\OSPanel\domains\Framework\vendor\fw\core\Router.php | Линия: 58
#################
23 October 2019 19:28:10 | Номер: Исключение | Текс: Такой вид не найден | Файл: C:\OSPanel\domains\Framework\vendor\fw\core\base\View.php | Линия: 32
#################
23 October 2019 19:28:12 | Номер: Исключение | Текс: Такой вид не найден | Файл: C:\OSPanel\domains\Framework\vendor\fw\core\base\View.php | Линия: 32
#################
23 October 2019 19:36:09 | Номер: 8 | Текс: Undefined index: query | Файл: C:\OSPanel\domains\Framework\app\controllers\SearchController.php | Линия: 24
#################
23 October 2019 19:36:29 | Номер: 8 | Текс: Undefined index: query | Файл: C:\OSPanel\domains\Framework\app\controllers\SearchController.php | Линия: 24
#################
23 October 2019 19:36:59 | Номер: Исключение | Текс: syntax error, unexpected '$query' (T_VARIABLE) | Файл: C:\OSPanel\domains\Framework\app\controllers\SearchController.php | Линия: 25
#################
23 October 2019 19:37:00 | Номер: Исключение | Текс: syntax error, unexpected '$query' (T_VARIABLE) | Файл: C:\OSPanel\domains\Framework\app\controllers\SearchController.php | Линия: 25
#################
23 October 2019 19:37:06 | Номер: 8 | Текс: Undefined index: query | Файл: C:\OSPanel\domains\Framework\app\controllers\SearchController.php | Линия: 25
#################
23 October 2019 19:39:50 | Номер: 8 | Текс: Undefined variable: products | Файл: C:\OSPanel\domains\Framework\app\views\Search\index.php | Линия: 1
#################
23 October 2019 19:43:50 | Номер: 8 | Текс: compact(): Undefined variable: products | Файл: C:\OSPanel\domains\Framework\app\controllers\SearchController.php | Линия: 31
#################
23 October 2019 19:44:15 | Номер: 8 | Текс: Undefined index: s | Файл: C:\OSPanel\domains\Framework\app\controllers\SearchController.php | Линия: 26
#################
23 October 2019 19:44:17 | Номер: 8 | Текс: Undefined index: s | Файл: C:\OSPanel\domains\Framework\app\controllers\SearchController.php | Линия: 26
#################
23 October 2019 20:00:39 | Номер: 8 | Текс: Undefined variable: hit | Файл: C:\OSPanel\domains\Framework\app\views\Search\index.php | Линия: 39
#################
23 October 2019 20:00:45 | Номер: 8 | Текс: Undefined variable: hit | Файл: C:\OSPanel\domains\Framework\app\views\Search\index.php | Линия: 39
#################
23 October 2019 20:01:46 | Номер: 8 | Текс: Object of class RedBeanPHP\OODBBean could not be converted to number | Файл: C:\OSPanel\domains\Framework\app\views\Search\index.php | Линия: 39
#################
23 October 2019 21:04:48 | Номер: 8 | Текс: Undefined variable: product | Файл: C:\OSPanel\domains\Framework\app\views\Search\index.php | Линия: 70
#################
30 October 2019 18:17:06 | Номер: Исключение | Текс: Класс app\controllers\UserController не найден | Файл: C:\OSPanel\domains\Framework\vendor\fw\core\Router.php | Линия: 63
#################
